\BOOKMARK [1][-]{section.1}{Einleitung}{}% 1
\BOOKMARK [1][-]{section.2}{Basics}{}% 2
\BOOKMARK [2][-]{subsection.2.1}{Was ist Julia?}{section.2}% 3
\BOOKMARK [2][-]{subsection.2.2}{Was ist LLVM?}{section.2}% 4
\BOOKMARK [2][-]{subsection.2.3}{Dokumentation}{section.2}% 5
\BOOKMARK [2][-]{subsection.2.4}{Beispiel Code}{section.2}% 6
\BOOKMARK [2][-]{subsection.2.5}{Julia Box - Julia Code im Web}{section.2}% 7
\BOOKMARK [2][-]{subsection.2.6}{Design Pattern}{section.2}% 8
\BOOKMARK [2][-]{subsection.2.7}{Garbage Collection}{section.2}% 9
\BOOKMARK [2][-]{subsection.2.8}{Unit Tests}{section.2}% 10
\BOOKMARK [2][-]{subsection.2.9}{Parallelisierung}{section.2}% 11
\BOOKMARK [2][-]{subsection.2.10}{JIT und Power of Eval}{section.2}% 12
\BOOKMARK [3][-]{subsubsection.2.10.1}{Was sind die Vor- und Nachteile von JIT?}{subsection.2.10}% 13
\BOOKMARK [1][-]{section.3}{Julia vs Python}{}% 14
\BOOKMARK [2][-]{subsection.3.1}{Artikel 'Giving up on Julia'}{section.3}% 15
\BOOKMARK [2][-]{subsection.3.2}{Artikel 'Updated Analysis'}{section.3}% 16
\BOOKMARK [2][-]{subsection.3.3}{Artikel 'Observations'}{section.3}% 17
\BOOKMARK [2][-]{subsection.3.4}{Zusammenfassung}{section.3}% 18
\BOOKMARK [1][-]{section.4}{Entwicklung}{}% 19
\BOOKMARK [2][-]{subsection.4.1}{Projekte einrichten}{section.4}% 20
\BOOKMARK [2][-]{subsection.4.2}{Julia GrafikEngine}{section.4}% 21
\BOOKMARK [2][-]{subsection.4.3}{JuliaOpenGL}{section.4}% 22
\BOOKMARK [2][-]{subsection.4.4}{Warum wurde nicht GLAbstraction.jl verwendet?}{section.4}% 23
\BOOKMARK [2][-]{subsection.4.5}{Optimierung}{section.4}% 24
\BOOKMARK [2][-]{subsection.4.6}{Ausf\374hrbare Dateien}{section.4}% 25
\BOOKMARK [1][-]{section.5}{Probleme}{}% 26
\BOOKMARK [1][-]{section.6}{Zusammenfassung}{}% 27
\BOOKMARK [2][-]{subsection.6.1}{Wie gut sind Julia Projekte Skalierbar?}{section.6}% 28
